Arguments: 
  /Users/per/.nvm/versions/node/v16.14.0/bin/node /usr/local/Cellar/yarn/1.22.18/libexec/bin/yarn.js set version 3.x

PATH: 
  /Users/per/.nvm/versions/node/v16.14.0/bin:/Users/per/.nvm/versions/node/v16.14.0/bin:/Users/per/.nvm/versions/node/v16.14.0/bin:/Users/per/.nvm/versions/node/v16.14.0/bin:/Users/per/.rvm/gems/ruby-2.5.7/bin:/Users/per/.rvm/gems/ruby-2.5.7@global/bin:/Users/per/.rvm/rubies/ruby-2.5.7/bin:/Users/per/.nvm/versions/node/v14.17.5/bin:/Users/per/.nvm/versions/node/v14.17.5/bin:/Users/per/.nvm/versions/node/v14.17.5/bin:/Users/per/.nvm/versions/node/v12.9.1/bin:/Users/per/google-cloud-sdk/bin:/usr/local/bin:/usr/bin:/usr/local/sbin:/Users/per/.nvm/versions/node/v14.17.5/bin:/usr/local/bin:/usr/bin:/bin:/usr/sbin:/sbin:/usr/local/share/dotnet:~/.dotnet/tools:/Library/Apple/usr/bin:/Library/Frameworks/Mono.framework/Versions/Current/Commands:/Users/per/Library/Android/sdk/emulator:/Users/per/Library/Android/sdk/tools:/Users/per/Library/Android/sdk/tools/bin:/Users/per/Library/Android/sdk/platform-tools:/Users/per/.rvm/bin

Yarn version: 
  1.22.18

Node version: 
  16.14.0

Platform: 
  darwin x64

Trace: 
  Error: Release not found: 3.x
      at /usr/local/Cellar/yarn/1.22.18/libexec/lib/cli.js:86351:17
      at Generator.next (<anonymous>)
      at step (/usr/local/Cellar/yarn/1.22.18/libexec/lib/cli.js:310:30)
      at /usr/local/Cellar/yarn/1.22.18/libexec/lib/cli.js:321:13
      at processTicksAndRejections (node:internal/process/task_queues:96:5)

npm manifest: 
  {
    "name": "lionel-oauth-client-react",
    "description": "This package adds browser based oAuth with or without Open ID Connect. It wraps the functionality from Lionel oAuth Client into the React hooks api.",
    "author": "Äventyret Sweden AB",
    "version": "0.0.1",
    "license": "MIT",
    "packageManager": "yarn@3.2.1",
    "homepage": "https://github.com/Aventyret/lionel-oauth-client-react#readme",
    "repository": {
      "type": "git",
      "url": "git+https://github.com/Aventyret/lionel-oauth-client-react.git"
    },
    "scripts": {
      "build": "rollup -c",
      "dev": "rollup -c -w",
      "lint": "eslint --ext .ts src/**/*.ts",
      "postinstall": "husky install",
      "pre-commit": "lint-staged",
      "test": "yarn lint"
    },
    "browser": "dist/index.umd.js",
    "main": "dist/index.cjs.js",
    "module": "dist/index.ejs.js",
    "typings": "index.d.ts",
    "lint-staged": {
      "*.js": [
        "prettier --write"
      ],
      "*.ts?(x)": [
        "prettier --parser=typescript --write",
        "eslint"
      ]
    },
    "devDependencies": {
      "@babel/core": "^7.17.5",
      "@babel/preset-env": "^7.16.11",
      "@rollup/plugin-babel": "^5.3.1",
      "@rollup/plugin-commonjs": "^21.0.2",
      "@rollup/plugin-node-resolve": "^13.1.3",
      "@rollup/plugin-typescript": "^8.3.1",
      "@types/node": "^17.0.41",
      "@typescript-eslint/eslint-plugin": "^5.14.0",
      "@typescript-eslint/parser": "^5.14.0",
      "eslint": "^8.11.0",
      "eslint-config-prettier": "^8.5.0",
      "eslint-plugin-prettier": "^4.0.0",
      "husky": "^7.0.4",
      "lint-staged": "^12.3.5",
      "pinst": "^3.0.0",
      "prettier": "^2.5.1",
      "rollup": "^2.70.0",
      "rollup-plugin-livereload": "^2.0.5",
      "rollup-plugin-terser": "^7.0.2",
      "tslib": "^2.3.1",
      "typescript": "^4.6.2"
    },
    "peerDependencies": {
      "lionel-oauth-client": "^0.3.0"
    }
  }

yarn manifest: 
  No manifest

Lockfile: 
  No lockfile
